02:08:36 **** Build of configuration Nios II for project DE2_115_SD_CARD ****
make mem_init_generate 
Info: Building ../DE2_115_SD_CARD_bsp/
make --no-print-directory -C ../DE2_115_SD_CARD_bsp/
[BSP build complete]
Post-processing to create mem_init/DE2_115_SD_CARD_NIOS_onchip_memory2.hex...
stem: DE2_115_SD_CARD_NIOS_onchip_memory2
elf2hex DE2_115_SD_CARD.elf 0x02040000 0x0207ffff --width=32 --little-endian-mem --create-lanes=0 mem_init/DE2_115_SD_CARD_NIOS_onchip_memory2.hex
Post-processing to create mem_init/hdl_sim/cfi_flash.dat...
elf2dat --infile=DE2_115_SD_CARD.elf --outfile=mem_init/hdl_sim/cfi_flash.dat \
	--base=0x01800000 --end=0x01ffffff --width=8 \
	--little-endian-mem --create-lanes=0 
Post-processing to create mem_init/hdl_sim/DE2_115_SD_CARD_NIOS_onchip_memory2.dat...
elf2dat --infile=DE2_115_SD_CARD.elf --outfile=mem_init/hdl_sim/DE2_115_SD_CARD_NIOS_onchip_memory2.dat \
	--base=0x02040000 --end=0x0207ffff --width=32 \
	--little-endian-mem --create-lanes=0 
Post-processing to create mem_init/hdl_sim/sdram_controller.dat...
elf2dat --infile=DE2_115_SD_CARD.elf --outfile=mem_init/hdl_sim/sdram_controller.dat \
	--base=0x10000000 --end=0x17ffffff --width=32 \
	--little-endian-mem --create-lanes=0 
Post-processing to create mem_init/hdl_sim/cfi_flash.sym...
nios2-elf-nm -n DE2_115_SD_CARD.elf > mem_init/hdl_sim/cfi_flash.sym
Post-processing to create mem_init/hdl_sim/DE2_115_SD_CARD_NIOS_onchip_memory2.sym...
nios2-elf-nm -n DE2_115_SD_CARD.elf > mem_init/hdl_sim/DE2_115_SD_CARD_NIOS_onchip_memory2.sym
Post-processing to create mem_init/hdl_sim/sdram_controller.sym...
nios2-elf-nm -n DE2_115_SD_CARD.elf > mem_init/hdl_sim/sdram_controller.sym
Post-processing to create cfi_flash.flash...
elf2flash --input=DE2_115_SD_CARD.elf --outfile=cfi_flash.flash --sim_optimize=0 --little-endian-mem \
	--base=0x01800000 --end=0x01ffffff --reset=0x02040000  
Post-processing to create mem_init/meminit.spd...
Post-processing to create mem_init/meminit.qip...

02:08:38 Build Finished (took 1s.519ms)

